0 info it worked if it ends with ok
1 verbose cli [ 'node', '/usr/local/bin/npm', 'run', 'check-coverage' ]
2 info using npm@3.3.12
3 info using node@v0.12.0
4 verbose run-script [ 'precheck-coverage', 'check-coverage', 'postcheck-coverage' ]
5 info lifecycle gulp-material-docs@0.0.0-semantically-released~precheck-coverage: gulp-material-docs@0.0.0-semantically-released
6 silly lifecycle gulp-material-docs@0.0.0-semantically-released~precheck-coverage: no script for precheck-coverage, continuing
7 info lifecycle gulp-material-docs@0.0.0-semantically-released~check-coverage: gulp-material-docs@0.0.0-semantically-released
8 verbose lifecycle gulp-material-docs@0.0.0-semantically-released~check-coverage: unsafe-perm in lifecycle true
9 verbose lifecycle gulp-material-docs@0.0.0-semantically-released~check-coverage: PATH: /usr/local/lib/node_modules/npm/bin/node-gyp-bin:/Users/dougiefresh49/Projects/open-source/gulp-material-docs/node_modules/.bin:/Library/Frameworks/Python.framework/Versions/2.7/bin:/usr/local/bin:/usr/bin:/bin:/usr/sbin:/sbin
10 verbose lifecycle gulp-material-docs@0.0.0-semantically-released~check-coverage: CWD: /Users/dougiefresh49/Projects/open-source/gulp-material-docs
11 silly lifecycle gulp-material-docs@0.0.0-semantically-released~check-coverage: Args: [ '-c',
11 silly lifecycle   'istanbul check-coverage --statements 100 --branches 100 --functions 100 --lines 100' ]
12 silly lifecycle gulp-material-docs@0.0.0-semantically-released~check-coverage: Returned: code: 1  signal: null
13 info lifecycle gulp-material-docs@0.0.0-semantically-released~check-coverage: Failed to exec check-coverage script
14 verbose stack Error: gulp-material-docs@0.0.0-semantically-released check-coverage: `istanbul check-coverage --statements 100 --branches 100 --functions 100 --lines 100`
14 verbose stack Exit status 1
14 verbose stack     at EventEmitter.<anonymous> (/usr/local/lib/node_modules/npm/lib/utils/lifecycle.js:232:16)
14 verbose stack     at EventEmitter.emit (events.js:110:17)
14 verbose stack     at ChildProcess.<anonymous> (/usr/local/lib/node_modules/npm/lib/utils/spawn.js:24:14)
14 verbose stack     at ChildProcess.emit (events.js:110:17)
14 verbose stack     at maybeClose (child_process.js:1008:16)
14 verbose stack     at Process.ChildProcess._handle.onexit (child_process.js:1080:5)
15 verbose pkgid gulp-material-docs@0.0.0-semantically-released
16 verbose cwd /Users/dougiefresh49/Projects/open-source/gulp-material-docs
17 error Darwin 15.0.0
18 error argv "node" "/usr/local/bin/npm" "run" "check-coverage"
19 error node v0.12.0
20 error npm  v3.3.12
21 error code ELIFECYCLE
22 error gulp-material-docs@0.0.0-semantically-released check-coverage: `istanbul check-coverage --statements 100 --branches 100 --functions 100 --lines 100`
22 error Exit status 1
23 error Failed at the gulp-material-docs@0.0.0-semantically-released check-coverage script 'istanbul check-coverage --statements 100 --branches 100 --functions 100 --lines 100'.
23 error Make sure you have the latest version of node.js and npm installed.
23 error If you do, this is most likely a problem with the gulp-material-docs package,
23 error not with npm itself.
23 error Tell the author that this fails on your system:
23 error     istanbul check-coverage --statements 100 --branches 100 --functions 100 --lines 100
23 error You can get their info via:
23 error     npm owner ls gulp-material-docs
23 error There is likely additional logging output above.
24 verbose exit [ 1, true ]
